<?xml version="1.0" encoding="UTF-8"?>
<!-- Generated by org.testng.reporters.JUnitReportReporter -->
<testsuite hostname="DGB-C02VH08BH" failures="0" tests="1" name="com.rajiv.AppTest" time="0.005" errors="0" timestamp="27 Aug 2019 19:59:05 GMT" skipped="0">
  <testcase classname="com.rajiv.AppTest" name="testApp" time="0.005"/>
</testsuite> <!-- com.rajiv.AppTest -->
