<?xml version="1.0" encoding="UTF-8"?>
<!-- Generated by org.testng.reporters.JUnitReportReporter -->
<testsuite hostname="DGB-C02VH08BH" failures="0" tests="2" name="qarajiv.SeleniumTest" time="0.000" errors="0" timestamp="27 Aug 2019 21:17:41 GMT" skipped="0">
  <testcase classname="qarajiv.SeleniumTest" name="BrowserAUtomation" time="0.000"/>
  <testcase classname="qarajiv.SeleniumTest" name="elementsUi" time="0.000"/>
</testsuite> <!-- qarajiv.SeleniumTest -->
