<?xml version="1.0" encoding="UTF-8"?>
<!-- Generated by org.testng.reporters.JUnitReportReporter -->
<testsuite hostname="DGB-C02VH08BH" failures="0" tests="2" name="qaclickacademy.RESTAPITest" time="0.001" errors="0" timestamp="27 Aug 2019 21:05:12 GMT" skipped="0">
  <testcase classname="qaclickacademy.RESTAPITest" name="deleteTwitter" time="0.001"/>
  <testcase classname="qaclickacademy.RESTAPITest" name="postJira" time="0.000"/>
</testsuite> <!-- qaclickacademy.RESTAPITest -->
