<?xml version="1.0" encoding="UTF-8"?>
<!-- Generated by org.testng.reporters.JUnitReportReporter -->
<testsuite hostname="DGB-C02VH08BH" failures="0" tests="2" name="qaclickacademy.AppiumTest" time="0.004" errors="0" timestamp="27 Aug 2019 21:05:12 GMT" skipped="0">
  <testcase classname="qaclickacademy.AppiumTest" name="IOSApps" time="0.004"/>
  <testcase classname="qaclickacademy.AppiumTest" name="NativeAPpAndroid" time="0.000"/>
</testsuite> <!-- qaclickacademy.AppiumTest -->
