<?xml version="1.0" encoding="UTF-8"?>
<!-- Generated by org.testng.reporters.JUnitReportReporter -->
<testsuite hostname="DGB-C02VH08BH" failures="0" tests="2" name="qarajiv.AppiumTest" time="0.004" errors="0" timestamp="27 Aug 2019 21:17:41 GMT" skipped="0">
  <testcase classname="qarajiv.AppiumTest" name="IOSApps" time="0.004"/>
  <testcase classname="qarajiv.AppiumTest" name="NativeAPpAndroid" time="0.000"/>
</testsuite> <!-- qarajiv.AppiumTest -->
