<?xml version="1.0" encoding="UTF-8"?>
<!-- Generated by org.testng.reporters.JUnitReportReporter -->
<testsuite hostname="DGB-C02VH08BH" failures="0" tests="2" name="qarajiv.RESTAPITest" time="0.001" errors="0" timestamp="27 Aug 2019 21:17:41 GMT" skipped="0">
  <testcase classname="qarajiv.RESTAPITest" name="deleteTwitter" time="0.000"/>
  <testcase classname="qarajiv.RESTAPITest" name="postJira" time="0.001"/>
</testsuite> <!-- qarajiv.RESTAPITest -->
